TN:
SF:src\myClass.js
FN:1,word_conversion
FN:151,(anonymous_1)
FN:177,(anonymous_2)
FN:194,(anonymous_3)
FN:311,(anonymous_4)
FN:361,(anonymous_5)
FN:377,(anonymous_6)
FNF:7
FNH:6
FNDA:1,word_conversion
FNDA:1,(anonymous_1)
FNDA:1,(anonymous_2)
FNDA:1,(anonymous_3)
FNDA:1,(anonymous_4)
FNDA:1,(anonymous_5)
FNDA:0,(anonymous_6)
DA:3,1
DA:4,0
DA:6,1
DA:7,0
DA:9,1
DA:10,0
DA:12,1
DA:13,0
DA:15,1
DA:16,0
DA:18,1
DA:19,1
DA:21,0
DA:22,0
DA:27,1
DA:152,1
DA:166,1
DA:168,1
DA:170,1
DA:171,7
DA:172,7
DA:175,1
DA:180,1
DA:182,1
DA:186,1
DA:187,1
DA:188,1
DA:191,1
DA:196,1
DA:299,1
DA:301,1
DA:304,1
DA:305,2
DA:306,2
DA:308,1
DA:313,1
DA:347,1
DA:349,1
DA:352,1
DA:353,1
DA:354,1
DA:356,1
DA:362,1
DA:364,1
DA:367,1
DA:369,1
DA:370,1
DA:372,1
DA:378,0
DA:379,0
DA:384,1
LF:51
LH:42
BRDA:3,0,0,0
BRDA:3,0,1,1
BRDA:6,1,0,0
BRDA:6,1,1,1
BRDA:9,2,0,0
BRDA:9,2,1,1
BRDA:12,3,0,0
BRDA:12,3,1,1
BRDA:15,4,0,0
BRDA:15,4,1,1
BRDA:18,5,0,1
BRDA:18,5,1,0
BRDA:21,6,0,0
BRDA:21,6,1,0
BRF:14
BRH:6
end_of_record
